[led_notifier] exited code=null signal=SIGTERM
[led_notifier] exited code=null signal=SIGTERM
[led_notifier] exited code=null signal=SIGTERM
Traceback (most recent call last):
  File "/home/gilad/deepstream/deepstream-7.1/sources/apps/sample_apps/deepstream-test5/person_led_mqtt.py", line 121, in <module>
    main()
  File "/home/gilad/deepstream/deepstream-7.1/sources/apps/sample_apps/deepstream-test5/person_led_mqtt.py", line 99, in main
    on_for_duration(1.0)
NameError: name 'on_for_duration' is not defined. Did you mean: 'blink_for_duration'?
[led_notifier] exited code=1 signal=null
Traceback (most recent call last):
  File "/home/gilad/deepstream/deepstream-7.1/sources/apps/sample_apps/deepstream-test5/person_led_mqtt.py", line 121, in <module>
    main()
  File "/home/gilad/deepstream/deepstream-7.1/sources/apps/sample_apps/deepstream-test5/person_led_mqtt.py", line 99, in main
    on_for_duration(1.0)
NameError: name 'on_for_duration' is not defined. Did you mean: 'blink_for_duration'?
[led_notifier] exited code=1 signal=null
Traceback (most recent call last):
  File "/home/gilad/deepstream/deepstream-7.1/sources/apps/sample_apps/deepstream-test5/person_led_mqtt.py", line 121, in <module>
    main()
  File "/home/gilad/deepstream/deepstream-7.1/sources/apps/sample_apps/deepstream-test5/person_led_mqtt.py", line 99, in main
    on_for_duration(1.0)
NameError: name 'on_for_duration' is not defined. Did you mean: 'blink_for_duration'?
[led_notifier] exited code=1 signal=null
Traceback (most recent call last):
  File "/home/gilad/deepstream/deepstream-7.1/sources/apps/sample_apps/deepstream-test5/person_led_mqtt.py", line 121, in <module>
    main()
  File "/home/gilad/deepstream/deepstream-7.1/sources/apps/sample_apps/deepstream-test5/person_led_mqtt.py", line 99, in main
    on_for_duration(1.0)
NameError: name 'on_for_duration' is not defined. Did you mean: 'blink_for_duration'?
[led_notifier] exited code=1 signal=null
[led_notifier] exited code=null signal=SIGTERM
[led_notifier] exited code=null signal=SIGTERM
[led_notifier] exited code=null signal=SIGTERM
